{"uid":"31b8d2efe4d9a2d9","name":"Login Test - Positive and Negative Scenarios","fullName":"tests.test_login#test_login_scenarios","historyId":"636f22b87667e9927d918b402fa8ae2c","time":{"start":1769670325708,"stop":1769670333391,"duration":7683},"status":"failed","statusMessage":"AssertionError: Locator expected to be visible\nActual value: <element(s) not found> \nCall log:\n  - Expect \"to_be_visible\" with timeout 5000ms\n  - waiting for get_by_text(\"Invalid\")","statusTrace":"page = <Page url='https://cloud.cronberry.com/admin/sign-in'>, username = '', password = '', expected_result = 'failure', scenario = 'Blank username and blank password'\n\n    @allure.title(\"Login Test - Positive and Negative Scenarios\")\n    @pytest.mark.parametrize(\n        \"username, password, expected_result, scenario\",\n        [\n            (\"testingdevice2123@gmail.com\", \"123456\", \"success\",\n             \"Valid username and valid password\"),\n    \n            (\"invalid@email.com\", \"123456\", \"failure\",\n             \"Invalid username and valid password\"),\n    \n            (\"testingdevice2123@gmail.com\", \"wrongpass\", \"failure\",\n             \"Valid username and invalid password\"),\n    \n            (\"\", \"\", \"failure\",\n             \"Blank username and blank password\"),\n        ]\n    )\n    @pytest.mark.asyncio\n    async def test_login_scenarios(page, username, password, expected_result, scenario):\n        login = LoginPage(page)\n    \n        await login.open()\n        await login.login(username, password)\n    \n        if expected_result == \"success\":\n            await login.verify_login_success()\n            logger.info(f\"Login successful – {scenario}\")\n    \n        elif expected_result == \"failure\":\n>           await login.verify_login_failure()\n\ntests/test_login.py:38: \n_ _ _ _ _ _ _ _ _ _ _ _ _ _ _ _ _ _ _ _ _ _ _ _ _ _ _ _ _ _ _ _ _ _ _ _ _ _ _ _ _ _ _ _ _ _ _ _ _ _ _ _ _ _ _ _ _ _ _ _ _ _ _ _ _ _ _ _ _ _ _ _ _ _ _ _ _ _ _ _ _ _ _ _ _ _ _ _ _ _ _ _ _ _ _ _ _ _ _ _ _ _ _ _ _ _ _ _ _ _ _ _ _ _\n\nself = <pages.login_page.LoginPage object at 0x10c3e7950>\n\n    async def verify_login_failure(self):\n>       await expect(\n            self.page.get_by_text(\"Invalid\")\n        ).to_be_visible()\nE       AssertionError: Locator expected to be visible\nE       Actual value: <element(s) not found> \nE       Call log:\nE         - Expect \"to_be_visible\" with timeout 5000ms\nE         - waiting for get_by_text(\"Invalid\")\n\npages/login_page.py:34: AssertionError","flaky":false,"newFailed":false,"newBroken":false,"newPassed":false,"retriesCount":0,"retriesStatusChange":false,"beforeStages":[{"name":"_session_faker","time":{"start":1769670245213,"stop":1769670245279,"duration":66},"status":"passed","steps":[],"attachments":[],"parameters":[],"shouldDisplayMessage":false,"attachmentsCount":0,"stepsCount":0,"hasContent":false,"attachmentStep":false},{"name":"event_loop_policy","time":{"start":1769670245213,"stop":1769670245213,"duration":0},"status":"passed","steps":[],"attachments":[],"parameters":[],"shouldDisplayMessage":false,"attachmentsCount":0,"stepsCount":0,"hasContent":false,"attachmentStep":false},{"name":"delete_output_dir","time":{"start":1769670245280,"stop":1769670245280,"duration":0},"status":"passed","steps":[],"attachments":[],"parameters":[],"shouldDisplayMessage":false,"attachmentsCount":0,"stepsCount":0,"hasContent":false,"attachmentStep":false},{"name":"pytestconfig","time":{"start":1769670245280,"stop":1769670245280,"duration":0},"status":"passed","steps":[],"attachments":[],"parameters":[],"shouldDisplayMessage":false,"attachmentsCount":0,"stepsCount":0,"hasContent":false,"attachmentStep":false},{"name":"_verify_url","time":{"start":1769670245280,"stop":1769670245280,"duration":0},"status":"passed","steps":[],"attachments":[],"parameters":[],"shouldDisplayMessage":false,"attachmentsCount":0,"stepsCount":0,"hasContent":false,"attachmentStep":false},{"name":"base_url","time":{"start":1769670245280,"stop":1769670245280,"duration":0},"status":"passed","steps":[],"attachments":[],"parameters":[],"shouldDisplayMessage":false,"attachmentsCount":0,"stepsCount":0,"hasContent":false,"attachmentStep":false},{"name":"_function_scoped_runner","time":{"start":1769670323520,"stop":1769670323520,"duration":0},"status":"passed","steps":[],"attachments":[],"parameters":[],"shouldDisplayMessage":false,"attachmentsCount":0,"stepsCount":0,"hasContent":false,"attachmentStep":false},{"name":"page","time":{"start":1769670323520,"stop":1769670325705,"duration":2185},"status":"passed","steps":[],"attachments":[],"parameters":[],"shouldDisplayMessage":false,"attachmentsCount":0,"stepsCount":0,"hasContent":false,"attachmentStep":false}],"testStage":{"status":"failed","statusMessage":"AssertionError: Locator expected to be visible\nActual value: <element(s) not found> \nCall log:\n  - Expect \"to_be_visible\" with timeout 5000ms\n  - waiting for get_by_text(\"Invalid\")","statusTrace":"page = <Page url='https://cloud.cronberry.com/admin/sign-in'>, username = '', password = '', expected_result = 'failure', scenario = 'Blank username and blank password'\n\n    @allure.title(\"Login Test - Positive and Negative Scenarios\")\n    @pytest.mark.parametrize(\n        \"username, password, expected_result, scenario\",\n        [\n            (\"testingdevice2123@gmail.com\", \"123456\", \"success\",\n             \"Valid username and valid password\"),\n    \n            (\"invalid@email.com\", \"123456\", \"failure\",\n             \"Invalid username and valid password\"),\n    \n            (\"testingdevice2123@gmail.com\", \"wrongpass\", \"failure\",\n             \"Valid username and invalid password\"),\n    \n            (\"\", \"\", \"failure\",\n             \"Blank username and blank password\"),\n        ]\n    )\n    @pytest.mark.asyncio\n    async def test_login_scenarios(page, username, password, expected_result, scenario):\n        login = LoginPage(page)\n    \n        await login.open()\n        await login.login(username, password)\n    \n        if expected_result == \"success\":\n            await login.verify_login_success()\n            logger.info(f\"Login successful – {scenario}\")\n    \n        elif expected_result == \"failure\":\n>           await login.verify_login_failure()\n\ntests/test_login.py:38: \n_ _ _ _ _ _ _ _ _ _ _ _ _ _ _ _ _ _ _ _ _ _ _ _ _ _ _ _ _ _ _ _ _ _ _ _ _ _ _ _ _ _ _ _ _ _ _ _ _ _ _ _ _ _ _ _ _ _ _ _ _ _ _ _ _ _ _ _ _ _ _ _ _ _ _ _ _ _ _ _ _ _ _ _ _ _ _ _ _ _ _ _ _ _ _ _ _ _ _ _ _ _ _ _ _ _ _ _ _ _ _ _ _ _\n\nself = <pages.login_page.LoginPage object at 0x10c3e7950>\n\n    async def verify_login_failure(self):\n>       await expect(\n            self.page.get_by_text(\"Invalid\")\n        ).to_be_visible()\nE       AssertionError: Locator expected to be visible\nE       Actual value: <element(s) not found> \nE       Call log:\nE         - Expect \"to_be_visible\" with timeout 5000ms\nE         - waiting for get_by_text(\"Invalid\")\n\npages/login_page.py:34: AssertionError","steps":[],"attachments":[{"uid":"1f87b80e0fa91a30","name":"log","source":"1f87b80e0fa91a30.txt","type":"text/plain","size":172}],"parameters":[],"shouldDisplayMessage":true,"attachmentsCount":1,"stepsCount":0,"hasContent":true,"attachmentStep":false},"afterStages":[{"name":"page::finalizer","time":{"start":1769670333400,"stop":1769670334020,"duration":620},"status":"passed","steps":[],"attachments":[],"parameters":[],"shouldDisplayMessage":false,"attachmentsCount":0,"stepsCount":0,"hasContent":false,"attachmentStep":false},{"name":"_function_scoped_runner::0","time":{"start":1769670334021,"stop":1769670334023,"duration":2},"status":"passed","steps":[],"attachments":[],"parameters":[],"shouldDisplayMessage":false,"attachmentsCount":0,"stepsCount":0,"hasContent":false,"attachmentStep":false}],"labels":[{"name":"tag","value":"asyncio"},{"name":"parentSuite","value":"tests"},{"name":"suite","value":"test_login"},{"name":"host","value":"macs-MacBook-Pro.local"},{"name":"thread","value":"9035-MainThread"},{"name":"framework","value":"pytest"},{"name":"language","value":"cpython3"},{"name":"package","value":"tests.test_login"},{"name":"resultFormat","value":"allure2"}],"parameters":[{"name":"expected_result","value":"'failure'"},{"name":"password","value":"''"},{"name":"scenario","value":"'Blank username and blank password'"},{"name":"username","value":"''"}],"links":[],"hidden":false,"retry":false,"extra":{"severity":"normal","retries":[],"categories":[{"name":"Product defects","matchedStatuses":[]}],"tags":["asyncio"]},"source":"31b8d2efe4d9a2d9.json","parameterValues":["'failure'","''","'Blank username and blank password'","''"]}