{"uid":"387e5d6da76ba0d7","name":"Login Test - Positive and Negative Scenarios","fullName":"tests.test_login#test_login_scenarios","historyId":"ffa8ca1cea3da893b2deb30a17b4f6a2","time":{"start":1769670304663,"stop":1769670312298,"duration":7635},"status":"failed","statusMessage":"AssertionError: Locator expected to be visible\nActual value: <element(s) not found> \nCall log:\n  - Expect \"to_be_visible\" with timeout 5000ms\n  - waiting for get_by_text(\"Invalid\")","statusTrace":"page = <Page url='https://cloud.cronberry.com/admin/sign-in'>, username = 'invalid@email.com', password = '123456', expected_result = 'failure', scenario = 'Invalid username and valid password'\n\n    @allure.title(\"Login Test - Positive and Negative Scenarios\")\n    @pytest.mark.parametrize(\n        \"username, password, expected_result, scenario\",\n        [\n            (\"testingdevice2123@gmail.com\", \"123456\", \"success\",\n             \"Valid username and valid password\"),\n    \n            (\"invalid@email.com\", \"123456\", \"failure\",\n             \"Invalid username and valid password\"),\n    \n            (\"testingdevice2123@gmail.com\", \"wrongpass\", \"failure\",\n             \"Valid username and invalid password\"),\n    \n            (\"\", \"\", \"failure\",\n             \"Blank username and blank password\"),\n        ]\n    )\n    @pytest.mark.asyncio\n    async def test_login_scenarios(page, username, password, expected_result, scenario):\n        login = LoginPage(page)\n    \n        await login.open()\n        await login.login(username, password)\n    \n        if expected_result == \"success\":\n            await login.verify_login_success()\n            logger.info(f\"Login successful – {scenario}\")\n    \n        elif expected_result == \"failure\":\n>           await login.verify_login_failure()\n\ntests/test_login.py:38: \n_ _ _ _ _ _ _ _ _ _ _ _ _ _ _ _ _ _ _ _ _ _ _ _ _ _ _ _ _ _ _ _ _ _ _ _ _ _ _ _ _ _ _ _ _ _ _ _ _ _ _ _ _ _ _ _ _ _ _ _ _ _ _ _ _ _ _ _ _ _ _ _ _ _ _ _ _ _ _ _ _ _ _ _ _ _ _ _ _ _ _ _ _ _ _ _ _ _ _ _ _ _ _ _ _ _ _ _ _ _ _ _ _ _\n\nself = <pages.login_page.LoginPage object at 0x10c2bb610>\n\n    async def verify_login_failure(self):\n>       await expect(\n            self.page.get_by_text(\"Invalid\")\n        ).to_be_visible()\nE       AssertionError: Locator expected to be visible\nE       Actual value: <element(s) not found> \nE       Call log:\nE         - Expect \"to_be_visible\" with timeout 5000ms\nE         - waiting for get_by_text(\"Invalid\")\n\npages/login_page.py:34: AssertionError","flaky":false,"newFailed":false,"newBroken":false,"newPassed":false,"retriesCount":0,"retriesStatusChange":false,"beforeStages":[{"name":"_session_faker","time":{"start":1769670245213,"stop":1769670245279,"duration":66},"status":"passed","steps":[],"attachments":[],"parameters":[],"shouldDisplayMessage":false,"attachmentsCount":0,"stepsCount":0,"hasContent":false,"attachmentStep":false},{"name":"event_loop_policy","time":{"start":1769670245213,"stop":1769670245213,"duration":0},"status":"passed","steps":[],"attachments":[],"parameters":[],"shouldDisplayMessage":false,"attachmentsCount":0,"stepsCount":0,"hasContent":false,"attachmentStep":false},{"name":"delete_output_dir","time":{"start":1769670245280,"stop":1769670245280,"duration":0},"status":"passed","steps":[],"attachments":[],"parameters":[],"shouldDisplayMessage":false,"attachmentsCount":0,"stepsCount":0,"hasContent":false,"attachmentStep":false},{"name":"pytestconfig","time":{"start":1769670245280,"stop":1769670245280,"duration":0},"status":"passed","steps":[],"attachments":[],"parameters":[],"shouldDisplayMessage":false,"attachmentsCount":0,"stepsCount":0,"hasContent":false,"attachmentStep":false},{"name":"_verify_url","time":{"start":1769670245280,"stop":1769670245280,"duration":0},"status":"passed","steps":[],"attachments":[],"parameters":[],"shouldDisplayMessage":false,"attachmentsCount":0,"stepsCount":0,"hasContent":false,"attachmentStep":false},{"name":"base_url","time":{"start":1769670245280,"stop":1769670245280,"duration":0},"status":"passed","steps":[],"attachments":[],"parameters":[],"shouldDisplayMessage":false,"attachmentsCount":0,"stepsCount":0,"hasContent":false,"attachmentStep":false},{"name":"_function_scoped_runner","time":{"start":1769670302444,"stop":1769670302445,"duration":1},"status":"passed","steps":[],"attachments":[],"parameters":[],"shouldDisplayMessage":false,"attachmentsCount":0,"stepsCount":0,"hasContent":false,"attachmentStep":false},{"name":"page","time":{"start":1769670302444,"stop":1769670304654,"duration":2210},"status":"passed","steps":[],"attachments":[],"parameters":[],"shouldDisplayMessage":false,"attachmentsCount":0,"stepsCount":0,"hasContent":false,"attachmentStep":false}],"testStage":{"status":"failed","statusMessage":"AssertionError: Locator expected to be visible\nActual value: <element(s) not found> \nCall log:\n  - Expect \"to_be_visible\" with timeout 5000ms\n  - waiting for get_by_text(\"Invalid\")","statusTrace":"page = <Page url='https://cloud.cronberry.com/admin/sign-in'>, username = 'invalid@email.com', password = '123456', expected_result = 'failure', scenario = 'Invalid username and valid password'\n\n    @allure.title(\"Login Test - Positive and Negative Scenarios\")\n    @pytest.mark.parametrize(\n        \"username, password, expected_result, scenario\",\n        [\n            (\"testingdevice2123@gmail.com\", \"123456\", \"success\",\n             \"Valid username and valid password\"),\n    \n            (\"invalid@email.com\", \"123456\", \"failure\",\n             \"Invalid username and valid password\"),\n    \n            (\"testingdevice2123@gmail.com\", \"wrongpass\", \"failure\",\n             \"Valid username and invalid password\"),\n    \n            (\"\", \"\", \"failure\",\n             \"Blank username and blank password\"),\n        ]\n    )\n    @pytest.mark.asyncio\n    async def test_login_scenarios(page, username, password, expected_result, scenario):\n        login = LoginPage(page)\n    \n        await login.open()\n        await login.login(username, password)\n    \n        if expected_result == \"success\":\n            await login.verify_login_success()\n            logger.info(f\"Login successful – {scenario}\")\n    \n        elif expected_result == \"failure\":\n>           await login.verify_login_failure()\n\ntests/test_login.py:38: \n_ _ _ _ _ _ _ _ _ _ _ _ _ _ _ _ _ _ _ _ _ _ _ _ _ _ _ _ _ _ _ _ _ _ _ _ _ _ _ _ _ _ _ _ _ _ _ _ _ _ _ _ _ _ _ _ _ _ _ _ _ _ _ _ _ _ _ _ _ _ _ _ _ _ _ _ _ _ _ _ _ _ _ _ _ _ _ _ _ _ _ _ _ _ _ _ _ _ _ _ _ _ _ _ _ _ _ _ _ _ _ _ _ _\n\nself = <pages.login_page.LoginPage object at 0x10c2bb610>\n\n    async def verify_login_failure(self):\n>       await expect(\n            self.page.get_by_text(\"Invalid\")\n        ).to_be_visible()\nE       AssertionError: Locator expected to be visible\nE       Actual value: <element(s) not found> \nE       Call log:\nE         - Expect \"to_be_visible\" with timeout 5000ms\nE         - waiting for get_by_text(\"Invalid\")\n\npages/login_page.py:34: AssertionError","steps":[],"attachments":[{"uid":"493432737fd222d3","name":"log","source":"493432737fd222d3.txt","type":"text/plain","size":197}],"parameters":[],"shouldDisplayMessage":true,"attachmentsCount":1,"stepsCount":0,"hasContent":true,"attachmentStep":false},"afterStages":[{"name":"page::finalizer","time":{"start":1769670312346,"stop":1769670313107,"duration":761},"status":"passed","steps":[],"attachments":[],"parameters":[],"shouldDisplayMessage":false,"attachmentsCount":0,"stepsCount":0,"hasContent":false,"attachmentStep":false},{"name":"_function_scoped_runner::0","time":{"start":1769670313108,"stop":1769670313109,"duration":1},"status":"passed","steps":[],"attachments":[],"parameters":[],"shouldDisplayMessage":false,"attachmentsCount":0,"stepsCount":0,"hasContent":false,"attachmentStep":false}],"labels":[{"name":"tag","value":"asyncio"},{"name":"parentSuite","value":"tests"},{"name":"suite","value":"test_login"},{"name":"host","value":"macs-MacBook-Pro.local"},{"name":"thread","value":"9035-MainThread"},{"name":"framework","value":"pytest"},{"name":"language","value":"cpython3"},{"name":"package","value":"tests.test_login"},{"name":"resultFormat","value":"allure2"}],"parameters":[{"name":"expected_result","value":"'failure'"},{"name":"password","value":"'123456'"},{"name":"scenario","value":"'Invalid username and valid password'"},{"name":"username","value":"'invalid@email.com'"}],"links":[],"hidden":false,"retry":false,"extra":{"severity":"normal","retries":[],"categories":[{"name":"Product defects","matchedStatuses":[]}],"tags":["asyncio"]},"source":"387e5d6da76ba0d7.json","parameterValues":["'failure'","'123456'","'Invalid username and valid password'","'invalid@email.com'"]}